[2025-12-31T19:51:59.154Z] GET / ::1
[2025-12-31T19:51:59.178Z] GET /favicon.ico ::1
[2025-12-31T19:52:00.783Z] GET /api/weather/Astana? ::1
[2025-12-31T19:54:23.218Z] GET /api/weather/Astana? ::1
[2025-12-31T19:54:31.060Z] GET /api/weather/Astana? ::1
[2025-12-31T20:06:57.605Z] GET /api/weather/Astana? ::1
[2025-12-31T20:07:03.930Z] GET /api/weather/Astana? ::1
[2025-12-31T20:07:12.641Z] GET / ::1
[2025-12-31T20:07:14.361Z] GET /api/weather/Astana? ::1
[2025-12-31T20:08:56.980Z] GET / ::1
[2025-12-31T20:08:59.888Z] GET /api/weather/Astana? ::1
[2025-12-31T20:11:44.496Z] GET / ::1
[2025-12-31T20:11:49.710Z] POST /api/weather ::1
[2025-12-31T20:12:03.329Z] POST /api/users ::1
[2025-12-31T20:14:47.006Z] GET / ::1
[2025-12-31T20:14:54.074Z] GET /api/weather/Astana? ::1
[2025-12-31T20:14:57.770Z] GET /api/weather/Almaty? ::1
[2025-12-31T20:15:00.906Z] POST /api/weather ::1
[2025-12-31T20:15:05.092Z] GET /api/weather? ::1
[2025-12-31T20:15:12.016Z] POST /api/weather/Astana ::1
[2026-01-01T06:39:25.316Z] GET / ::1
[2026-01-01T06:39:25.339Z] GET /favicon.ico ::1
[2026-01-01T06:40:15.178Z] GET /api/weather/Astana? ::1
[2026-01-01T18:17:47.319Z] GET / ::1
[2026-01-01T18:17:48.146Z] GET /favicon.ico ::1
[2026-01-01T18:18:19.422Z] GET /api/weather/Almaty? ::1
[2026-01-01T18:21:29.347Z] POST /api/weather ::1
[2026-01-01T18:23:05.356Z] POST /api/users ::1
